<?xml version="1.0" encoding="UTF-8"?>
<testsuite xmlns:xsi="http://www.w3.org/2001/XMLSchema-instance" xsi:noNamespaceSchemaLocation="https://maven.apache.org/surefire/maven-surefire-plugin/xsd/surefire-test-report.xsd" name="com.learn.MealTest" time="0.052" tests="21" errors="0" skipped="0" failures="0">
  <properties>
[...]
</properties>
  <testcase name="referencesToTheSameObjectsShouldBeEqual" classname="com.learn.MealTest" time="0"/>
  <testcase name="mealPricesShouldBeLowerThan10{int}[1]" classname="com.learn.MealTest" time="0"/>
  <testcase name="mealPricesShouldBeLowerThan10{int}[2]" classname="com.learn.MealTest" time="0.001"/>
  <testcase name="mealPricesShouldBeLowerThan10{int}[3]" classname="com.learn.MealTest" time="0"/>
  <testcase name="mealPricesShouldBeLowerThan10{int}[4]" classname="com.learn.MealTest" time="0.019"/>
  <testcase name="mealPricesShouldBeLowerThan20{int}[1]" classname="com.learn.MealTest" time="0"/>
  <testcase name="mealPricesShouldBeLowerThan20{int}[2]" classname="com.learn.MealTest" time="0"/>
  <testcase name="mealPricesShouldBeLowerThan20{int}[3]" classname="com.learn.MealTest" time="0"/>
  <testcase name="mealPricesShouldBeLowerThan20{int}[4]" classname="com.learn.MealTest" time="0"/>
  <testcase name="cakeNamesShouldEndWithCake{String}[1]" classname="com.learn.MealTest" time="0.001"/>
  <testcase name="cakeNamesShouldEndWithCake{String}[2]" classname="com.learn.MealTest" time="0"/>
  <testcase name="cakeNamesShouldEndWithCake{String}[3]" classname="com.learn.MealTest" time="0.001"/>
  <testcase name="referencesToTheDifferentObjectsShouldBeEqual" classname="com.learn.MealTest" time="0.001"/>
  <testcase name="twoMealsShouldBeEqualWhenPriceAndNameAreTheSame" classname="com.learn.MealTest" time="0.002"/>
  <testcase name="burgersShouldHaveCorrectNameAndPrice{String, int}[1]" classname="com.learn.MealTest" time="0"/>
  <testcase name="burgersShouldHaveCorrectNameAndPrice{String, int}[2]" classname="com.learn.MealTest" time="0.001"/>
  <testcase name="shouldReturnDiscountedPrice" classname="com.learn.MealTest" time="0.005"/>
  <testcase name="exceptionShouldBeThrownIfDiscountIsHigherThanThePrice" classname="com.learn.MealTest" time="0.001"/>
  <testcase name="calculateMealPrices[1]" classname="com.learn.MealTest" time="0.001"/>
  <testcase name="calculateMealPrices[2]" classname="com.learn.MealTest" time="0"/>
  <testcase name="calculateMealPrices[3]" classname="com.learn.MealTest" time="0"/>
</testsuite>